<?xml version="1.0" encoding="UTF-8"?>
<!-- Generated by org.testng.reporters.JUnitReportReporter -->
<testsuite skipped="0" hostname="MLPT003" name="com.mv.zamit.ZamitZcs.SelectYourEthnicityTest" tests="1" failures="0" timestamp="2020-04-24T17:20:17 IST" time="117.194" errors="0">
  <testcase name="verifyEthncity" time="117.194" classname="com.mv.zamit.ZamitZcs.SelectYourEthnicityTest"/>
  <system-out/>
</testsuite> <!-- com.mv.zamit.ZamitZcs.SelectYourEthnicityTest -->
