<?xml version="1.0" encoding="UTF-8"?>
<!-- Generated by org.testng.reporters.JUnitReportReporter -->
<testsuite skipped="0" hostname="MLPT003" name="com.mv.zamit.ZamitZcs.NotSureTest" tests="1" failures="0" timestamp="2020-06-01T02:40:27 IST" time="89.466" errors="0">
  <testcase name="verifyCloseBtn" time="89.466" classname="com.mv.zamit.ZamitZcs.NotSureTest"/>
  <system-out/>
</testsuite> <!-- com.mv.zamit.ZamitZcs.NotSureTest -->
