<?xml version="1.0" encoding="UTF-8"?>
<!-- Generated by org.testng.reporters.JUnitReportReporter -->
<testsuite skipped="0" hostname="MLPT003" name="com.mv.zamit.ZamitZcs.KnowMoreLinkTest" tests="1" failures="0" timestamp="2020-04-10T15:26:52 IST" time="46.732" errors="0">
  <testcase name="verifyKnowMoreScreenText" time="46.732" classname="com.mv.zamit.ZamitZcs.KnowMoreLinkTest"/>
  <system-out/>
</testsuite> <!-- com.mv.zamit.ZamitZcs.KnowMoreLinkTest -->
