<?xml version="1.0" encoding="UTF-8"?>
<!-- Generated by org.testng.reporters.JUnitReportReporter -->
<testsuite skipped="0" hostname="MLPT003" name="com.mv.zamit.ZamitZcs.ParentFormTest" tests="1" failures="0" timestamp="2020-05-29T13:26:16 IST" time="70.848" errors="0">
  <testcase name="verifyBackBtn" time="70.848" classname="com.mv.zamit.ZamitZcs.ParentFormTest"/>
  <system-out/>
</testsuite> <!-- com.mv.zamit.ZamitZcs.ParentFormTest -->
