<?xml version="1.0" encoding="UTF-8"?>
<!-- Generated by org.testng.reporters.JUnitReportReporter -->
<testsuite skipped="0" hostname="MLPT003" name="com.mv.zamit.ZamitZcs.GuidelinesUploadDocTest" tests="1" failures="0" timestamp="2020-06-01T00:21:31 IST" time="87.751" errors="0">
  <testcase name="verifyPageDescription" time="87.751" classname="com.mv.zamit.ZamitZcs.GuidelinesUploadDocTest"/>
  <system-out/>
</testsuite> <!-- com.mv.zamit.ZamitZcs.GuidelinesUploadDocTest -->
