<?xml version="1.0" encoding="UTF-8"?>
<!-- Generated by org.testng.reporters.JUnitReportReporter -->
<testsuite skipped="0" hostname="MLPT003" name="com.mv.zamit.ZamitZcs.HomeTest1" tests="13" failures="0" timestamp="2020-06-07T22:54:27 IST" time="603.993" errors="0">
  <testcase name="verifyLetsBeginButton" time="50.791" classname="com.mv.zamit.ZamitZcs.HomeTest1"/>
  <system-out/>
  <testcase name="verifyToolbarText2" time="41.297" classname="com.mv.zamit.ZamitZcs.HomeTest1"/>
  <system-out/>
  <testcase name="verifyKnowMorelink" time="49.840" classname="com.mv.zamit.ZamitZcs.HomeTest1"/>
  <system-out/>
  <testcase name="verifyHomeScreenText" time="46.855" classname="com.mv.zamit.ZamitZcs.HomeTest1"/>
  <system-out/>
  <testcase name="verifyToolbarText1" time="44.116" classname="com.mv.zamit.ZamitZcs.HomeTest1"/>
  <system-out/>
  <testcase name="verifyBackButton" time="61.785" classname="com.mv.zamit.ZamitZcs.HomeTest1"/>
  <system-out/>
  <testcase name="verifyHelloUsername" time="43.277" classname="com.mv.zamit.ZamitZcs.HomeTest1"/>
  <system-out/>
  <testcase name="verifyKnowMoreScreenText" time="47.375" classname="com.mv.zamit.ZamitZcs.HomeTest1"/>
  <system-out/>
  <testcase name="verifyWelcomeText1" time="44.832" classname="com.mv.zamit.ZamitZcs.HomeTest1"/>
  <system-out/>
  <testcase name="verifyClosebutton" time="48.143" classname="com.mv.zamit.ZamitZcs.HomeTest1"/>
  <system-out/>
  <testcase name="verifyImageIcon" time="42.287" classname="com.mv.zamit.ZamitZcs.HomeTest1"/>
  <system-out/>
  <testcase name="verifyWelcomeText" time="41.604" classname="com.mv.zamit.ZamitZcs.HomeTest1"/>
  <system-out/>
  <testcase name="verifyWelcomeText2" time="41.791" classname="com.mv.zamit.ZamitZcs.HomeTest1"/>
  <system-out/>
</testsuite> <!-- com.mv.zamit.ZamitZcs.HomeTest1 -->
