<?xml version="1.0" encoding="UTF-8"?>
<!-- Generated by org.testng.reporters.JUnitReportReporter -->
<testsuite skipped="0" hostname="MLPT003" name="com.mv.zamit.ZamitZcs.UploadDocTest" tests="1" failures="0" timestamp="2020-05-31T22:52:23 IST" time="85.034" errors="0">
  <testcase name="verifyResidanceDocText" time="85.034" classname="com.mv.zamit.ZamitZcs.UploadDocTest"/>
  <system-out/>
</testsuite> <!-- com.mv.zamit.ZamitZcs.UploadDocTest -->
