<?xml version="1.0" encoding="UTF-8"?>
<!-- Generated by org.testng.reporters.JUnitReportReporter -->
<testsuite skipped="0" hostname="MLPT003" name="com.mv.zamit.ZamitZcs.SelectYourEthnicityTest" tests="1" failures="0" timestamp="2020-03-22T17:41:18 IST" time="51.889" errors="0">
  <testcase name="verifySearchBox" time="51.889" classname="com.mv.zamit.ZamitZcs.SelectYourEthnicityTest"/>
  <system-out/>
</testsuite> <!-- com.mv.zamit.ZamitZcs.SelectYourEthnicityTest -->
