<?xml version="1.0" encoding="UTF-8"?>
<!-- Generated by org.testng.reporters.JUnitReportReporter -->
<testsuite skipped="0" hostname="MLPT003" name="com.mv.zamit.ZamitZcs.ChildFormTest" tests="2" failures="0" timestamp="2020-05-29T13:02:31 IST" time="127.265" errors="0">
  <testcase name="verifySaveBtn" time="65.912" classname="com.mv.zamit.ZamitZcs.ChildFormTest"/>
  <system-out/>
  <testcase name="verifyToolBarStepText" time="61.353" classname="com.mv.zamit.ZamitZcs.ChildFormTest"/>
  <system-out/>
</testsuite> <!-- com.mv.zamit.ZamitZcs.ChildFormTest -->
