<?xml version="1.0" encoding="UTF-8"?>
<!-- Generated by org.testng.reporters.JUnitReportReporter -->
<testsuite skipped="0" hostname="MLPT003" name="com.mv.zamit.ZamitZcs.AppTest" tests="5" failures="0" timestamp="2020-03-12T17:58:39 IST" time="225.768" errors="0">
  <testcase name="verifyBack" time="48.239" classname="com.mv.zamit.ZamitZcs.AppTest"/>
  <system-out/>
  <testcase name="verifyBackButton" time="49.197" classname="com.mv.zamit.ZamitZcs.AppTest"/>
  <system-out/>
  <testcase name="verifyKnowMorelink" time="43.521" classname="com.mv.zamit.ZamitZcs.AppTest"/>
  <system-out/>
  <testcase name="verifyClosebutton" time="44.536" classname="com.mv.zamit.ZamitZcs.AppTest"/>
  <system-out/>
  <testcase name="verifyLetsBegin" time="40.275" classname="com.mv.zamit.ZamitZcs.AppTest"/>
  <system-out/>
</testsuite> <!-- com.mv.zamit.ZamitZcs.AppTest -->
