<?xml version="1.0" encoding="UTF-8"?>
<!-- Generated by org.testng.reporters.JUnitReportReporter -->
<testsuite skipped="0" hostname="MLPT003" name="com.mv.zamit.ZamitZcs.SaveMyAppTest" tests="2" failures="0" timestamp="2020-05-29T14:03:18 IST" time="161.725" errors="0">
  <testcase name="verifyCloseBtn" time="85.364" classname="com.mv.zamit.ZamitZcs.SaveMyAppTest"/>
  <system-out/>
  <testcase name="verifySaveMyAppBtn" time="76.361" classname="com.mv.zamit.ZamitZcs.SaveMyAppTest"/>
  <system-out/>
</testsuite> <!-- com.mv.zamit.ZamitZcs.SaveMyAppTest -->
