<?xml version="1.0" encoding="UTF-8"?>
<!-- Generated by org.testng.reporters.JUnitReportReporter -->
<testsuite skipped="0" hostname="MLPT003" name="com.mv.zamit.ZamitZcs.HomeTest1" tests="2" failures="0" timestamp="2020-05-26T00:58:33 IST" time="115.606" errors="0">
  <testcase name="verifyKnowMoreScreenText" time="58.961" classname="com.mv.zamit.ZamitZcs.HomeTest1"/>
  <system-out/>
  <testcase name="verifyClosebutton" time="56.645" classname="com.mv.zamit.ZamitZcs.HomeTest1"/>
  <system-out/>
</testsuite> <!-- com.mv.zamit.ZamitZcs.HomeTest1 -->
