<?xml version="1.0" encoding="UTF-8"?>
<!-- Generated by org.testng.reporters.JUnitReportReporter -->
<testsuite skipped="0" hostname="MLPT003" name="com.mv.zamit.ZamitZcs.SelectYourChildTest" tests="1" failures="0" timestamp="2020-04-18T14:24:56 IST" time="134.116" errors="0">
  <testcase name="verifyCreateProfileBtn" time="134.116" classname="com.mv.zamit.ZamitZcs.SelectYourChildTest"/>
  <system-out/>
</testsuite> <!-- com.mv.zamit.ZamitZcs.SelectYourChildTest -->
